Replace Part C1 Condensator 0805 in D:\AltiumDeSIGN\SoldeerStationProjectOntWerpen\Schema\CPU.SchDoc with Condensator 0805 from Soldeerstation.SchLib
Replace Part C2 Condensator 0805 in D:\AltiumDeSIGN\SoldeerStationProjectOntWerpen\Schema\CPU.SchDoc with Condensator 0805 from Soldeerstation.SchLib
Replace Part C3 Condensator 0805 in D:\AltiumDeSIGN\SoldeerStationProjectOntWerpen\Schema\CPU.SchDoc with Condensator 0805 from Soldeerstation.SchLib
Replace Part C4 Condensator Elco in D:\AltiumDeSIGN\SoldeerStationProjectOntWerpen\Schema\CPU.SchDoc with Condensator Elco from Soldeerstation.SchLib
Replace Part C5 Condensator 0805 in D:\AltiumDeSIGN\SoldeerStationProjectOntWerpen\Schema\CPU.SchDoc with Condensator 0805 from Soldeerstation.SchLib
Replace Part C6 Condensator Elco in D:\AltiumDeSIGN\SoldeerStationProjectOntWerpen\Schema\CPU.SchDoc with Condensator Elco from Soldeerstation.SchLib
Replace Part C7 Condensator 0805 in D:\AltiumDeSIGN\SoldeerStationProjectOntWerpen\Schema\CPU.SchDoc with Condensator 0805 from Soldeerstation.SchLib
Replace Part D1 1N4148 in D:\AltiumDeSIGN\SoldeerStationProjectOntWerpen\Schema\CPU.SchDoc with 1N4148 from Soldeerstation.SchLib
Replace Part IC2 Opamp in D:\AltiumDeSIGN\SoldeerStationProjectOntWerpen\Schema\CPU.SchDoc with Opamp from Soldeerstation.SchLib
Replace Part K1 3 Pin Header in D:\AltiumDeSIGN\SoldeerStationProjectOntWerpen\Schema\CPU.SchDoc with 3 Pin Header from Soldeerstation.SchLib
Replace Part K2 3 Pin Header in D:\AltiumDeSIGN\SoldeerStationProjectOntWerpen\Schema\CPU.SchDoc with 3 Pin Header from Soldeerstation.SchLib
Replace Part K3 5 Pin Header in D:\AltiumDeSIGN\SoldeerStationProjectOntWerpen\Schema\CPU.SchDoc with 5 Pin Header from Soldeerstation.SchLib
Replace Part K4 2 Pin Header in D:\AltiumDeSIGN\SoldeerStationProjectOntWerpen\Schema\CPU.SchDoc with 2 Pin Header from Soldeerstation.SchLib
Replace Part K5 4 Pin Header in D:\AltiumDeSIGN\SoldeerStationProjectOntWerpen\Schema\CPU.SchDoc with 4 Pin Header from Soldeerstation.SchLib
Replace Part K6 3 Pin Header in D:\AltiumDeSIGN\SoldeerStationProjectOntWerpen\Schema\CPU.SchDoc with 3 Pin Header from Soldeerstation.SchLib
Replace Part K7 2x3 Pin Header in D:\AltiumDeSIGN\SoldeerStationProjectOntWerpen\Schema\CPU.SchDoc with 2x3 Pin Header from Soldeerstation.SchLib
Replace Part L1 Smoorspoel in D:\AltiumDeSIGN\SoldeerStationProjectOntWerpen\Schema\CPU.SchDoc with Smoorspoel from Soldeerstation.SchLib
Replace Part R1 Resistor in D:\AltiumDeSIGN\SoldeerStationProjectOntWerpen\Schema\CPU.SchDoc with Resistor from Soldeerstation.SchLib
Replace Part R2 Resistor in D:\AltiumDeSIGN\SoldeerStationProjectOntWerpen\Schema\CPU.SchDoc with Resistor from Soldeerstation.SchLib
Replace Part R3 Resistor in D:\AltiumDeSIGN\SoldeerStationProjectOntWerpen\Schema\CPU.SchDoc with Resistor from Soldeerstation.SchLib
