Added Component: Designator=F1(FUSC3216X60N)
Add component (AddParameter): Name = "Arrow Part Number"; Value = ""; VariantName = "[No Variations]"
Add component (AddParameter): Name = "Arrow Price/Stock"; Value = ""; VariantName = "[No Variations]"
Add component (AddParameter): Name = "Datasheet Link"; Value = "https://www.littelfuse.com/~/media/electronics/datasheets/resettable_ptcs/littelfuse_ptc_1206l_datasheet.pdf.pdf"; VariantName = "[No Variations]"
Add component (AddParameter): Name = "Height"; Value = "0.6mm"; VariantName = "[No Variations]"
Add component (AddParameter): Name = "Manufacturer_Name"; Value = "LITTELFUSE"; VariantName = "[No Variations]"
Add component (AddParameter): Name = "Manufacturer_Part_Number"; Value = "1206L110/12SLYESR"; VariantName = "[No Variations]"
Add component (AddParameter): Name = "Mouser Part Number"; Value = ""; VariantName = "[No Variations]"
Add component (AddParameter): Name = "Mouser Price/Stock"; Value = ""; VariantName = "[No Variations]"
Added Component: Designator=F?(FUSC3216X60N)
Add component (AddParameter): Name = "Arrow Part Number"; Value = ""; VariantName = "[No Variations]"
Add component (AddParameter): Name = "Arrow Price/Stock"; Value = ""; VariantName = "[No Variations]"
Add component (AddParameter): Name = "Datasheet Link"; Value = "https://www.littelfuse.com/~/media/electronics/datasheets/resettable_ptcs/littelfuse_ptc_1206l_datasheet.pdf.pdf"; VariantName = "[No Variations]"
Add component (AddParameter): Name = "Height"; Value = "0.6mm"; VariantName = "[No Variations]"
Add component (AddParameter): Name = "Manufacturer_Name"; Value = "LITTELFUSE"; VariantName = "[No Variations]"
Add component (AddParameter): Name = "Manufacturer_Part_Number"; Value = "1206L110/12SLYESR"; VariantName = "[No Variations]"
Add component (AddParameter): Name = "Mouser Part Number"; Value = ""; VariantName = "[No Variations]"
Add component (AddParameter): Name = "Mouser Price/Stock"; Value = ""; VariantName = "[No Variations]"
Added Component: Designator=RE1(Relay RT424005)
Add component (AddParameter): Name = "Ambient Temperature Range High"; Value = "+85°C"; VariantName = "[No Variations]"
Add component (AddParameter): Name = "Ambient Temperature Range Low"; Value = "-40°C"; VariantName = "[No Variations]"
Add component (AddParameter): Name = "Automotive"; Value = "No"; VariantName = "[No Variations]"
Add component (AddParameter): Name = "Category"; Value = "Relay"; VariantName = "[No Variations]"
Add component (AddParameter): Name = "Coil Power"; Value = "403mW"; VariantName = "[No Variations]"
Add component (AddParameter): Name = "Coil Resistance"; Value = "62O"; VariantName = "[No Variations]"
Add component (AddParameter): Name = "Coil Type"; Value = "Non-Latching"; VariantName = "[No Variations]"
Add component (AddParameter): Name = "Coil Voltage"; Value = "5V"; VariantName = "[No Variations]"
Add component (AddParameter): Name = "ComponentLink2Description"; Value = "Datasheet"; VariantName = "[No Variations]"
Add component (AddParameter): Name = "ComponentLink2URL"; Value = "https://www.te.com/commerce/DocumentDelivery/DDEController?Action=showdoc&DocId=Data+Sheet%7FRT2%7F1014%7Fpdf%7FEnglish%7FENG_DS_RT2_1014.pdf%7F5-1393243-9"; VariantName = "[No Variations]"
Add component (AddParameter): Name = "Current Rating"; Value = "8A"; VariantName = "[No Variations]"
Add component (AddParameter): Name = "Device Class L1"; Value = "Electromechanical"; VariantName = "[No Variations]"
Add component (AddParameter): Name = "Device Class L2"; Value = "Relays"; VariantName = "[No Variations]"
Add component (AddParameter): Name = "Device Class L3"; Value = "Power Relays"; VariantName = "[No Variations]"
Add component (AddParameter): Name = "Digikey Description"; Value = "RELAY GENERAL PURPOSE DPDT 8A 5V"; VariantName = "[No Variations]"
Add component (AddParameter): Name = "Height"; Value = "15.7mm"; VariantName = "[No Variations]"
Add component (AddParameter): Name = "Lead Free"; Value = "Yes"; VariantName = "[No Variations]"
Add component (AddParameter): Name = "Manufacturer"; Value = "TE Connectivity"; VariantName = "[No Variations]"
Add component (AddParameter): Name = "Manufacturer Part Number"; Value = "RT424005"; VariantName = "[No Variations]"
Add component (AddParameter): Name = "Mouser Description"; Value = "General Purpose Relay, Rt2 Series, Power, Non Latching, Dpdt, 5 Vdc, 8 A Rohs Compliant: Yes"; VariantName = "[No Variations]"
Add component (AddParameter): Name = "Number Of Contacts"; Value = "2"; VariantName = "[No Variations]"
Add component (AddParameter): Name = "Octopart"; Value = "https://octopart.com/5-1393243-9-te+connectivity-41835766"; VariantName = "[No Variations]"
Add component (AddParameter): Name = "Package"; Value = "RT424005"; VariantName = "[No Variations]"
Add component (AddParameter): Name = "RoHS"; Value = "TRUE"; VariantName = "[No Variations]"
Add component (AddParameter): Name = "Throw Configuration"; Value = "DPDT"; VariantName = "[No Variations]"
Added Pin To Net: NetName=NetCN6_2 Pin=F1-1
Added Pin To Net: NetName=NetC18_1 Pin=F1-2
Add Pin To Net: Unknown Pin: Pin L2-3
Add Pin To Net: Unknown Pin: Pin L2-4
Added Pin To Net: NetName=NetCN6_2 Pin=RE1-4
Added Pin To Net: NetName=NetCN7_1 Pin=RE1-5
Add Pin To Net: Unknown Pin: Pin RE1-8
Add Pin To Net: Unknown Pin: Pin RE1-9
Added Pin To Net: NetName=+5 Pin=RE1-A1
Added Pin To Net: NetName=NetD2_2 Pin=RE1-A2
