Add Component: Footprint Not Found DIP12(7segment)
Add Component: Footprint Not Found FP-RT424005-MFG
Add Pin To Net: Unknown Pin: Pin L2-3
Add Pin To Net: Unknown Pin: Pin L2-4
Add Pin To Net: Unknown Pin: Pin LD1-1
Add Pin To Net: Unknown Pin: Pin LD1-2
Add Pin To Net: Unknown Pin: Pin LD1-3
Add Pin To Net: Unknown Pin: Pin LD1-4
Add Pin To Net: Unknown Pin: Pin LD1-5
Add Pin To Net: Unknown Pin: Pin LD1-6
Add Pin To Net: Unknown Pin: Pin LD1-7
Add Pin To Net: Unknown Pin: Pin LD1-8
Add Pin To Net: Unknown Pin: Pin LD1-9
Add Pin To Net: Unknown Pin: Pin LD1-10
Add Pin To Net: Unknown Pin: Pin LD1-11
Add Pin To Net: Unknown Pin: Pin LD1-12
Add Pin To Net: Unknown Pin: Pin RE1-11
Add Pin To Net: Unknown Pin: Pin RE1-14
Add Pin To Net: Unknown Pin: Pin RE1-21
Add Pin To Net: Unknown Pin: Pin RE1-24
Add Pin To Net: Unknown Pin: Pin RE1-A1
Add Pin To Net: Unknown Pin: Pin RE1-A2
