Replace Part C2 Condensator Elco in D:\AltiumDeSIGN\SoldeerStationProjectOntWerpen\Schema\Versterker.SchDoc with Condensator Elco from Soldeerstation.SchLib
Replace Part C3 Condensator 0805 in D:\AltiumDeSIGN\SoldeerStationProjectOntWerpen\Schema\Versterker.SchDoc with Condensator 0805 from Soldeerstation.SchLib
Replace Part C6 Condensator 0805 in D:\AltiumDeSIGN\SoldeerStationProjectOntWerpen\Schema\Versterker.SchDoc with Condensator 0805 from Soldeerstation.SchLib
Replace Part C7 Condensator 0805 in D:\AltiumDeSIGN\SoldeerStationProjectOntWerpen\Schema\Versterker.SchDoc with Condensator 0805 from Soldeerstation.SchLib
Replace Part C12 Condensator 0805 in D:\AltiumDeSIGN\SoldeerStationProjectOntWerpen\Schema\Versterker.SchDoc with Condensator 0805 from Soldeerstation.SchLib
Replace Part C13 Condensator 0805 in D:\AltiumDeSIGN\SoldeerStationProjectOntWerpen\Schema\Versterker.SchDoc with Condensator 0805 from Soldeerstation.SchLib
Replace Part IC2 Opamp in D:\AltiumDeSIGN\SoldeerStationProjectOntWerpen\Schema\Versterker.SchDoc with Opamp from Soldeerstation.SchLib
Replace Part IC2 Opamp in D:\AltiumDeSIGN\SoldeerStationProjectOntWerpen\Schema\Versterker.SchDoc with Opamp from Soldeerstation.SchLib
Replace Part K3 2 Pin Header in D:\AltiumDeSIGN\SoldeerStationProjectOntWerpen\Schema\Versterker.SchDoc with 2 Pin Header from Soldeerstation.SchLib
Replace Part R1 Resistor in D:\AltiumDeSIGN\SoldeerStationProjectOntWerpen\Schema\Versterker.SchDoc with Resistor from Soldeerstation.SchLib
Replace Part R2 Resistor in D:\AltiumDeSIGN\SoldeerStationProjectOntWerpen\Schema\Versterker.SchDoc with Resistor from Soldeerstation.SchLib
Replace Part R4 Resistor in D:\AltiumDeSIGN\SoldeerStationProjectOntWerpen\Schema\Versterker.SchDoc with Resistor from Soldeerstation.SchLib
Replace Part R5 Resistor in D:\AltiumDeSIGN\SoldeerStationProjectOntWerpen\Schema\Versterker.SchDoc with Resistor from Soldeerstation.SchLib
Replace Part R8 Resistor in D:\AltiumDeSIGN\SoldeerStationProjectOntWerpen\Schema\Versterker.SchDoc with Resistor from Soldeerstation.SchLib
Replace Part R9 Resistor in D:\AltiumDeSIGN\SoldeerStationProjectOntWerpen\Schema\Versterker.SchDoc with Resistor from Soldeerstation.SchLib
Replace Part R11 Resistor in D:\AltiumDeSIGN\SoldeerStationProjectOntWerpen\Schema\Versterker.SchDoc with Resistor from Soldeerstation.SchLib
Replace Part R12 Resistor in D:\AltiumDeSIGN\SoldeerStationProjectOntWerpen\Schema\Versterker.SchDoc with Resistor from Soldeerstation.SchLib
Replace Part R13 Resistor in D:\AltiumDeSIGN\SoldeerStationProjectOntWerpen\Schema\Versterker.SchDoc with Resistor from Soldeerstation.SchLib
Replace Part R14 Resistor in D:\AltiumDeSIGN\SoldeerStationProjectOntWerpen\Schema\Versterker.SchDoc with Resistor from Soldeerstation.SchLib
Replace Part R15 Resistor in D:\AltiumDeSIGN\SoldeerStationProjectOntWerpen\Schema\Versterker.SchDoc with Resistor from Soldeerstation.SchLib
