Replace Part C2 Condensator Elco in D:\AltiumDeSIGN\SoldeerStationProjectOntWerpen\Schema\Versterker.SchDoc with Condensator Elco from Soldeerstation.SchLib
Replace Part C3 Condensator 0805 in D:\AltiumDeSIGN\SoldeerStationProjectOntWerpen\Schema\Versterker.SchDoc with Condensator 0805 from Soldeerstation.SchLib
Replace Part C13 Condensator 0805 in D:\AltiumDeSIGN\SoldeerStationProjectOntWerpen\Schema\Versterker.SchDoc with Condensator 0805 from Soldeerstation.SchLib
Replace Part C14 Condensator 0805 in D:\AltiumDeSIGN\SoldeerStationProjectOntWerpen\Schema\Versterker.SchDoc with Condensator 0805 from Soldeerstation.SchLib
Replace Part C? Condensator 0805 in D:\AltiumDeSIGN\SoldeerStationProjectOntWerpen\Schema\Versterker.SchDoc with Condensator 0805 from Soldeerstation.SchLib
Replace Part C? Condensator 0805 in D:\AltiumDeSIGN\SoldeerStationProjectOntWerpen\Schema\Versterker.SchDoc with Condensator 0805 from Soldeerstation.SchLib
Replace Part IC2 Opamp in D:\AltiumDeSIGN\SoldeerStationProjectOntWerpen\Schema\Versterker.SchDoc with Opamp from Soldeerstation.SchLib
Replace Part IC2 Opamp in D:\AltiumDeSIGN\SoldeerStationProjectOntWerpen\Schema\Versterker.SchDoc with Opamp from Soldeerstation.SchLib
Replace Part IC? Opamp in D:\AltiumDeSIGN\SoldeerStationProjectOntWerpen\Schema\Versterker.SchDoc with Opamp from Soldeerstation.SchLib
Replace Part K3 2 Pin Header in D:\AltiumDeSIGN\SoldeerStationProjectOntWerpen\Schema\Versterker.SchDoc with 2 Pin Header from Soldeerstation.SchLib
Replace Part R4 Resistor in D:\AltiumDeSIGN\SoldeerStationProjectOntWerpen\Schema\Versterker.SchDoc with Resistor from Soldeerstation.SchLib
Replace Part R7 Resistor in D:\AltiumDeSIGN\SoldeerStationProjectOntWerpen\Schema\Versterker.SchDoc with Resistor from Soldeerstation.SchLib
Replace Part R9 Resistor in D:\AltiumDeSIGN\SoldeerStationProjectOntWerpen\Schema\Versterker.SchDoc with Resistor from Soldeerstation.SchLib
Replace Part R9 Resistor in D:\AltiumDeSIGN\SoldeerStationProjectOntWerpen\Schema\Versterker.SchDoc with Resistor from Soldeerstation.SchLib
Replace Part R10 Resistor in D:\AltiumDeSIGN\SoldeerStationProjectOntWerpen\Schema\Versterker.SchDoc with Resistor from Soldeerstation.SchLib
Replace Part R11 Resistor in D:\AltiumDeSIGN\SoldeerStationProjectOntWerpen\Schema\Versterker.SchDoc with Resistor from Soldeerstation.SchLib
Replace Part R12 Resistor in D:\AltiumDeSIGN\SoldeerStationProjectOntWerpen\Schema\Versterker.SchDoc with Resistor from Soldeerstation.SchLib
Replace Part R12 Resistor in D:\AltiumDeSIGN\SoldeerStationProjectOntWerpen\Schema\Versterker.SchDoc with Resistor from Soldeerstation.SchLib
Replace Part R13 Resistor in D:\AltiumDeSIGN\SoldeerStationProjectOntWerpen\Schema\Versterker.SchDoc with Resistor from Soldeerstation.SchLib
Replace Part R14 Resistor in D:\AltiumDeSIGN\SoldeerStationProjectOntWerpen\Schema\Versterker.SchDoc with Resistor from Soldeerstation.SchLib
Replace Part R15 Resistor in D:\AltiumDeSIGN\SoldeerStationProjectOntWerpen\Schema\Versterker.SchDoc with Resistor from Soldeerstation.SchLib
